<?xml version="1.0" encoding="UTF-8"?>
<testsuite xmlns:xsi="http://www.w3.org/2001/XMLSchema-instance" xsi:noNamespaceSchemaLocation="https://maven.apache.org/surefire/maven-surefire-plugin/xsd/surefire-test-report-3.0.xsd" version="3.0" name="TestSuite" time="9.768" tests="3" errors="0" skipped="0" failures="0">
  <properties>
[...]
</properties>
  <testcase name="asUserTryToLogInWithIncorrectLoginAndPassword" classname="Zadania9.tests.FailedLoginTests" time="0.598">
    <system-out><![CDATA[[INFO ] 2021-11-26 12:20:31.005 [main] configuration.PropertiesLoader - Trying to load properties with file name:configuration.properties
[INFO ] 2021-11-26 12:20:31.008 [main] configuration.PropertiesLoader - Successfully loaded properties for file: configuration.properties
[DEBUG] 2021-11-26 12:20:31.087 [main] io.netty.util.internal.logging.InternalLoggerFactory - Using Log4J2 as the default logging framework
[DEBUG] 2021-11-26 12:20:31.091 [main] io.netty.util.ResourceLeakDetector - -Dio.netty.leakDetection.level: simple
[DEBUG] 2021-11-26 12:20:31.091 [main] io.netty.util.ResourceLeakDetector - -Dio.netty.leakDetection.targetRecords: 4
[DEBUG] 2021-11-26 12:20:31.094 [main] io.netty.util.ResourceLeakDetectorFactory$DefaultResourceLeakDetectorFactory - Loaded default ResourceLeakDetector: io.netty.util.ResourceLeakDetector@726386ed
[DEBUG] 2021-11-26 12:20:31.106 [main] io.netty.util.internal.PlatformDependent0 - -Dio.netty.noUnsafe: false
[DEBUG] 2021-11-26 12:20:31.107 [main] io.netty.util.internal.PlatformDependent0 - Java version: 9
[DEBUG] 2021-11-26 12:20:31.108 [main] io.netty.util.internal.PlatformDependent0 - sun.misc.Unsafe.theUnsafe: available
[DEBUG] 2021-11-26 12:20:31.109 [main] io.netty.util.internal.PlatformDependent0 - sun.misc.Unsafe.copyMemory: available
[DEBUG] 2021-11-26 12:20:31.109 [main] io.netty.util.internal.PlatformDependent0 - java.nio.Buffer.address: available
[DEBUG] 2021-11-26 12:20:31.110 [main] io.netty.util.internal.PlatformDependent0 - direct buffer constructor: unavailable: Reflective setAccessible(true) disabled
[DEBUG] 2021-11-26 12:20:31.110 [main] io.netty.util.internal.PlatformDependent0 - java.nio.Bits.unaligned: available, true
[DEBUG] 2021-11-26 12:20:31.111 [main] io.netty.util.internal.PlatformDependent0 - jdk.internal.misc.Unsafe.allocateUninitializedArray(int): unavailable: class io.netty.util.internal.PlatformDependent0$6 cannot access class jdk.internal.misc.Unsafe (in module java.base) because module java.base does not export jdk.internal.misc to unnamed module @22db8f4
[DEBUG] 2021-11-26 12:20:31.111 [main] io.netty.util.internal.PlatformDependent0 - java.nio.DirectByteBuffer.<init>(long, int): unavailable
[DEBUG] 2021-11-26 12:20:31.111 [main] io.netty.util.internal.PlatformDependent - sun.misc.Unsafe: available
[DEBUG] 2021-11-26 12:20:31.112 [main] io.netty.util.internal.PlatformDependent - maxDirectMemory: 4278190080 bytes (maybe)
[DEBUG] 2021-11-26 12:20:31.112 [main] io.netty.util.internal.PlatformDependent - -Dio.netty.tmpdir: C:\Users\Misiek\AppData\Local\Temp (java.io.tmpdir)
[DEBUG] 2021-11-26 12:20:31.112 [main] io.netty.util.internal.PlatformDependent - -Dio.netty.bitMode: 64 (sun.arch.data.model)
[DEBUG] 2021-11-26 12:20:31.112 [main] io.netty.util.internal.PlatformDependent - Platform: Windows
[DEBUG] 2021-11-26 12:20:31.113 [main] io.netty.util.internal.PlatformDependent - -Dio.netty.maxDirectMemory: -1 bytes
[DEBUG] 2021-11-26 12:20:31.113 [main] io.netty.util.internal.PlatformDependent - -Dio.netty.uninitializedArrayAllocationThreshold: -1
[DEBUG] 2021-11-26 12:20:31.114 [main] io.netty.util.internal.CleanerJava9 - java.nio.ByteBuffer.cleaner(): available
[DEBUG] 2021-11-26 12:20:31.114 [main] io.netty.util.internal.PlatformDependent - -Dio.netty.noPreferDirect: false
[DEBUG] 2021-11-26 12:20:31.120 [main] io.netty.util.internal.PlatformDependent$Mpsc - org.jctools-core.MpscChunkedArrayQueue: available
[DEBUG] 2021-11-26 12:20:31.133 [main] io.netty.util.internal.InternalThreadLocalMap - -Dio.netty.threadLocalMap.stringBuilder.initialSize: 1024
[DEBUG] 2021-11-26 12:20:31.133 [main] io.netty.util.internal.InternalThreadLocalMap - -Dio.netty.threadLocalMap.stringBuilder.maxSize: 4096
[DEBUG] 2021-11-26 12:20:31.214 [main] io.netty.handler.ssl.JdkSslContext - Default protocols (JDK): [TLSv1.2, TLSv1.1, TLSv1] 
[DEBUG] 2021-11-26 12:20:31.214 [main] io.netty.handler.ssl.JdkSslContext - Default cipher suites (JDK): [TLS_ECDHE_ECDSA_WITH_AES_256_GCM_SHA384, TLS_ECDHE_ECDSA_WITH_AES_128_GCM_SHA256, TLS_ECDHE_RSA_WITH_AES_128_GCM_SHA256, TLS_ECDHE_RSA_WITH_AES_256_GCM_SHA384, TLS_ECDHE_RSA_WITH_AES_128_CBC_SHA, TLS_ECDHE_RSA_WITH_AES_256_CBC_SHA, TLS_RSA_WITH_AES_128_GCM_SHA256, TLS_RSA_WITH_AES_128_CBC_SHA, TLS_RSA_WITH_AES_256_CBC_SHA]
[DEBUG] 2021-11-26 12:20:31.232 [main] io.netty.channel.MultithreadEventLoopGroup - -Dio.netty.eventLoopThreads: 24
[DEBUG] 2021-11-26 12:20:31.237 [main] io.netty.channel.nio.NioEventLoop - -Dio.netty.noKeySetOptimization: false
[DEBUG] 2021-11-26 12:20:31.237 [main] io.netty.channel.nio.NioEventLoop - -Dio.netty.selectorAutoRebuildThreshold: 512
[DEBUG] 2021-11-26 12:20:31.276 [main] io.netty.buffer.PooledByteBufAllocator - -Dio.netty.allocator.numHeapArenas: 24
[DEBUG] 2021-11-26 12:20:31.277 [main] io.netty.buffer.PooledByteBufAllocator - -Dio.netty.allocator.numDirectArenas: 24
[DEBUG] 2021-11-26 12:20:31.277 [main] io.netty.buffer.PooledByteBufAllocator - -Dio.netty.allocator.pageSize: 8192
[DEBUG] 2021-11-26 12:20:31.277 [main] io.netty.buffer.PooledByteBufAllocator - -Dio.netty.allocator.maxOrder: 11
[DEBUG] 2021-11-26 12:20:31.277 [main] io.netty.buffer.PooledByteBufAllocator - -Dio.netty.allocator.chunkSize: 16777216
[DEBUG] 2021-11-26 12:20:31.277 [main] io.netty.buffer.PooledByteBufAllocator - -Dio.netty.allocator.smallCacheSize: 256
[DEBUG] 2021-11-26 12:20:31.277 [main] io.netty.buffer.PooledByteBufAllocator - -Dio.netty.allocator.normalCacheSize: 64
[DEBUG] 2021-11-26 12:20:31.277 [main] io.netty.buffer.PooledByteBufAllocator - -Dio.netty.allocator.maxCachedBufferCapacity: 32768
[DEBUG] 2021-11-26 12:20:31.277 [main] io.netty.buffer.PooledByteBufAllocator - -Dio.netty.allocator.cacheTrimInterval: 8192
[DEBUG] 2021-11-26 12:20:31.277 [main] io.netty.buffer.PooledByteBufAllocator - -Dio.netty.allocator.cacheTrimIntervalMillis: 0
[DEBUG] 2021-11-26 12:20:31.278 [main] io.netty.buffer.PooledByteBufAllocator - -Dio.netty.allocator.useCacheForAllThreads: true
[DEBUG] 2021-11-26 12:20:31.278 [main] io.netty.buffer.PooledByteBufAllocator - -Dio.netty.allocator.maxCachedByteBuffersPerChunk: 1023
[DEBUG] 2021-11-26 12:20:31.285 [main] io.netty.buffer.ByteBufUtil - -Dio.netty.allocator.type: pooled
[DEBUG] 2021-11-26 12:20:31.285 [main] io.netty.buffer.ByteBufUtil - -Dio.netty.threadLocalDirectBufferSize: 0
[DEBUG] 2021-11-26 12:20:31.285 [main] io.netty.buffer.ByteBufUtil - -Dio.netty.maxThreadLocalCharBufferSize: 16384
[DEBUG] 2021-11-26 12:20:31.979 [Forwarding newSession on session null to remote] io.netty.channel.DefaultChannelId - -Dio.netty.processId: 24404 (auto-detected)
[DEBUG] 2021-11-26 12:20:31.982 [Forwarding newSession on session null to remote] io.netty.util.NetUtil - -Djava.net.preferIPv4Stack: false
[DEBUG] 2021-11-26 12:20:31.982 [Forwarding newSession on session null to remote] io.netty.util.NetUtil - -Djava.net.preferIPv6Addresses: false
[DEBUG] 2021-11-26 12:20:32.047 [Forwarding newSession on session null to remote] io.netty.util.NetUtilInitializations - Loopback interface: lo (Software Loopback Interface 1, 127.0.0.1)
[DEBUG] 2021-11-26 12:20:32.049 [Forwarding newSession on session null to remote] io.netty.util.NetUtil$1 - Failed to get SOMAXCONN from sysctl and file \proc\sys\net\core\somaxconn. Default: 200
[DEBUG] 2021-11-26 12:20:32.123 [Forwarding newSession on session null to remote] io.netty.channel.DefaultChannelId - -Dio.netty.machineId: 70:85:c2:ff:fe:6b:38:d0 (auto-detected)
[DEBUG] 2021-11-26 12:20:32.164 [AsyncHttpClient-1-2] io.netty.buffer.AbstractByteBuf - -Dio.netty.buffer.checkAccessible: true
[DEBUG] 2021-11-26 12:20:32.164 [AsyncHttpClient-1-2] io.netty.buffer.AbstractByteBuf - -Dio.netty.buffer.checkBounds: true
[DEBUG] 2021-11-26 12:20:32.164 [AsyncHttpClient-1-2] io.netty.util.ResourceLeakDetectorFactory$DefaultResourceLeakDetectorFactory - Loaded default ResourceLeakDetector: io.netty.util.ResourceLeakDetector@11f31e34
[DEBUG] 2021-11-26 12:20:32.190 [AsyncHttpClient-1-2] io.netty.util.Recycler - -Dio.netty.recycler.maxCapacityPerThread: 4096
[DEBUG] 2021-11-26 12:20:32.190 [AsyncHttpClient-1-2] io.netty.util.Recycler - -Dio.netty.recycler.maxSharedCapacityFactor: 2
[DEBUG] 2021-11-26 12:20:32.190 [AsyncHttpClient-1-2] io.netty.util.Recycler - -Dio.netty.recycler.linkCapacity: 16
[DEBUG] 2021-11-26 12:20:32.190 [AsyncHttpClient-1-2] io.netty.util.Recycler - -Dio.netty.recycler.ratio: 8
[DEBUG] 2021-11-26 12:20:32.190 [AsyncHttpClient-1-2] io.netty.util.Recycler - -Dio.netty.recycler.delayedQueue.ratio: 8
[DEBUG] 2021-11-26 12:20:32.748 [AsyncHttpClient-1-2] io.netty.handler.codec.compression.Brotli - brotli4j not in the classpath; Brotli support will be unavailable.
[DEBUG] 2021-11-26 12:20:32.848 [main] io.netty.util.internal.ThreadLocalRandom - -Dio.netty.initialSeedUniquifier: 0xc8619d65535a52fc
[INFO ] 2021-11-26 12:20:33.445 [main] Zadania9.page.objects.LandingPage - Clicked on Enter Store link
[INFO ] 2021-11-26 12:20:33.583 [main] Zadania9.page.objects.TopMenuPage - Clicked on Sign on Link
[INFO ] 2021-11-26 12:20:33.675 [main] Zadania9.page.objects.LoginPage - Typed into User Name Field NotExistingLogin
[INFO ] 2021-11-26 12:20:33.748 [main] Zadania9.page.objects.LoginPage - Typed into Password Field NotProperPassword
[INFO ] 2021-11-26 12:20:33.855 [main] Zadania9.page.objects.LoginPage - Clicked on Login Button
[INFO ] 2021-11-26 12:20:33.898 [main] Zadania9.page.objects.LoginPage - Returned warning message was: Invalid username or password. Signon failed.
]]></system-out>
    <system-err><![CDATA[SLF4J: Failed to load class "org.slf4j.impl.StaticLoggerBinder".
SLF4J: Defaulting to no-operation (NOP) logger implementation
SLF4J: See http://www.slf4j.org/codes.html#StaticLoggerBinder for further details.
Starting ChromeDriver 96.0.4664.35 (8df3babf8da8faa8aacb78f4848ef66a93b4944b-refs/branch-heads/4664@{#680}) on port 56104
Only local connections are allowed.
Please see https://chromedriver.chromium.org/security-considerations for suggestions on keeping ChromeDriver safe.
ChromeDriver was started successfully.
lis 26, 2021 12:20:32 PM org.openqa.selenium.remote.ProtocolHandshake createSession
INFO: Detected dialect: W3C
lis 26, 2021 12:20:32 PM org.openqa.selenium.devtools.CdpVersionFinder findNearestMatch
WARNING: Unable to find an exact match for CDP version 96, so returning the closest version found: 95
lis 26, 2021 12:20:32 PM org.openqa.selenium.devtools.CdpVersionFinder findNearestMatch
INFO: Found CDP implementation for version 96 of 95
]]></system-err>
  </testcase>
  <testcase name="asUserLoginUsingValidLoginAndPassword" classname="Zadania9.tests.PositiveLoginTests" time="0.65">
    <system-out><![CDATA[[INFO ] 2021-11-26 12:20:34.536 [main] configuration.PropertiesLoader - Trying to load properties with file name:configuration.properties
[INFO ] 2021-11-26 12:20:34.537 [main] configuration.PropertiesLoader - Successfully loaded properties for file: configuration.properties
[INFO ] 2021-11-26 12:20:36.132 [main] Zadania9.page.objects.LandingPage - Clicked on Enter Store link
[INFO ] 2021-11-26 12:20:36.265 [main] Zadania9.page.objects.TopMenuPage - Clicked on Sign on Link
[INFO ] 2021-11-26 12:20:36.342 [main] Zadania9.page.objects.LoginPage - Typed into User Name Field j2ee
[INFO ] 2021-11-26 12:20:36.412 [main] Zadania9.page.objects.LoginPage - Typed into Password Field j2ee
[INFO ] 2021-11-26 12:20:36.612 [main] Zadania9.page.objects.LoginPage - Clicked on Login Button
[INFO ] 2021-11-26 12:20:36.648 [main] Zadania9.page.objects.FooterPage - Returning status of banner after login: true
]]></system-out>
    <system-err><![CDATA[Starting ChromeDriver 96.0.4664.35 (8df3babf8da8faa8aacb78f4848ef66a93b4944b-refs/branch-heads/4664@{#680}) on port 64592
Only local connections are allowed.
Please see https://chromedriver.chromium.org/security-considerations for suggestions on keeping ChromeDriver safe.
ChromeDriver was started successfully.
lis 26, 2021 12:20:35 PM org.openqa.selenium.remote.ProtocolHandshake createSession
INFO: Detected dialect: W3C
lis 26, 2021 12:20:35 PM org.openqa.selenium.devtools.CdpVersionFinder findNearestMatch
WARNING: Unable to find an exact match for CDP version 96, so returning the closest version found: 95
lis 26, 2021 12:20:35 PM org.openqa.selenium.devtools.CdpVersionFinder findNearestMatch
INFO: Found CDP implementation for version 96 of 95
]]></system-err>
  </testcase>
  <testcase name="asNotLoggedInUserIShallNotProceedToCheckout" classname="Zadania9.Zadanie1.ShoppingCartTest" time="0.788">
    <system-out><![CDATA[[INFO ] 2021-11-26 12:20:37.269 [main] configuration.PropertiesLoader - Trying to load properties with file name:configuration.properties
[INFO ] 2021-11-26 12:20:37.269 [main] configuration.PropertiesLoader - Successfully loaded properties for file: configuration.properties
[INFO ] 2021-11-26 12:20:38.948 [main] Zadania9.page.objects.LandingPage - Clicked on Enter Store link
[INFO ] 2021-11-26 12:20:39.086 [main] Zadania9.Zadanie1.page.objects.SidebarContent - Clicked on Fish Link
[INFO ] 2021-11-26 12:20:39.212 [main] Zadania9.Zadanie1.page.objects.MainCatalog - Clicked on Angel Fish Product Button
[INFO ] 2021-11-26 12:20:39.342 [main] Zadania9.Zadanie1.page.objects.AngelFishCatalog - Clicked on Add to Cart Small Angel Fish Button
[INFO ] 2021-11-26 12:20:39.467 [main] Zadania9.Zadanie1.page.objects.ShoppingCart - Clicked on Proceed to Checkout Button
[INFO ] 2021-11-26 12:20:39.504 [main] Zadania9.page.objects.LoginPage - Returned warning message was: You must sign on before attempting to check out. Please sign on and try checking out again.
]]></system-out>
    <system-err><![CDATA[Starting ChromeDriver 96.0.4664.35 (8df3babf8da8faa8aacb78f4848ef66a93b4944b-refs/branch-heads/4664@{#680}) on port 54915
Only local connections are allowed.
Please see https://chromedriver.chromium.org/security-considerations for suggestions on keeping ChromeDriver safe.
ChromeDriver was started successfully.
lis 26, 2021 12:20:38 PM org.openqa.selenium.remote.ProtocolHandshake createSession
INFO: Detected dialect: W3C
lis 26, 2021 12:20:38 PM org.openqa.selenium.devtools.CdpVersionFinder findNearestMatch
WARNING: Unable to find an exact match for CDP version 96, so returning the closest version found: 95
lis 26, 2021 12:20:38 PM org.openqa.selenium.devtools.CdpVersionFinder findNearestMatch
INFO: Found CDP implementation for version 96 of 95
]]></system-err>
  </testcase>
</testsuite>